package configuration for libffi is not found
have_header: checking for ffi.h... -------------------- no

"gcc -o conftest -I/home/vagrant/.rbenv/versions/2.6.5/include/ruby-2.6.0/x86_64-linux -I/home/vagrant/.rbenv/versions/2.6.5/include/ruby-2.6.0/ruby/backward -I/home/vagrant/.rbenv/versions/2.6.5/include/ruby-2.6.0 -I. -I/home/vagrant/.rbenv/versions/2.6.5/include    -O3 -ggdb3 -Wall -Wextra -Wdeclaration-after-statement -Wdeprecated-declarations -Wduplicated-cond -Wimplicit-function-declaration -Wimplicit-int -Wmisleading-indentation -Wpointer-arith -Wrestrict -Wwrite-strings -Wimplicit-fallthrough=0 -Wmissing-noreturn -Wno-cast-function-type -Wno-constant-logical-operand -Wno-long-long -Wno-missing-field-initializers -Wno-overlength-strings -Wno-packed-bitfield-compat -Wno-parentheses-equality -Wno-self-assign -Wno-tautological-compare -Wno-unused-parameter -Wno-unused-value -Wsuggest-attribute=format -Wsuggest-attribute=noreturn -Wunused-variable  -fPIC conftest.c  -L. -L/home/vagrant/.rbenv/versions/2.6.5/lib -Wl,-rpath,/home/vagrant/.rbenv/versions/2.6.5/lib -L. -L/home/vagrant/.rbenv/versions/2.6.5/lib  -fstack-protector-strong -rdynamic -Wl,-export-dynamic     -Wl,-rpath,/home/vagrant/.rbenv/versions/2.6.5/lib -L/home/vagrant/.rbenv/versions/2.6.5/lib -lruby  -lm   -lc"
checked program was:
/* begin */
1: #include "ruby.h"
2: 
3: int main(int argc, char **argv)
4: {
5:   return 0;
6: }
/* end */

"gcc -E -I/home/vagrant/.rbenv/versions/2.6.5/include/ruby-2.6.0/x86_64-linux -I/home/vagrant/.rbenv/versions/2.6.5/include/ruby-2.6.0/ruby/backward -I/home/vagrant/.rbenv/versions/2.6.5/include/ruby-2.6.0 -I. -I/home/vagrant/.rbenv/versions/2.6.5/include    -O3 -ggdb3 -Wall -Wextra -Wdeclaration-after-statement -Wdeprecated-declarations -Wduplicated-cond -Wimplicit-function-declaration -Wimplicit-int -Wmisleading-indentation -Wpointer-arith -Wrestrict -Wwrite-strings -Wimplicit-fallthrough=0 -Wmissing-noreturn -Wno-cast-function-type -Wno-constant-logical-operand -Wno-long-long -Wno-missing-field-initializers -Wno-overlength-strings -Wno-packed-bitfield-compat -Wno-parentheses-equality -Wno-self-assign -Wno-tautological-compare -Wno-unused-parameter -Wno-unused-value -Wsuggest-attribute=format -Wsuggest-attribute=noreturn -Wunused-variable  -fPIC  conftest.c -o conftest.i"
conftest.c:3:10: fatal error: ffi.h: No such file or directory
 #include <ffi.h>
          ^~~~~~~
compilation terminated.
checked program was:
/* begin */
1: #include "ruby.h"
2: 
3: #include <ffi.h>
/* end */

--------------------

find_header: checking for ffi.h in /usr/local/include,/usr/include/ffi... -------------------- no

"gcc -E -I/home/vagrant/.rbenv/versions/2.6.5/include/ruby-2.6.0/x86_64-linux -I/home/vagrant/.rbenv/versions/2.6.5/include/ruby-2.6.0/ruby/backward -I/home/vagrant/.rbenv/versions/2.6.5/include/ruby-2.6.0 -I. -I/home/vagrant/.rbenv/versions/2.6.5/include    -O3 -ggdb3 -Wall -Wextra -Wdeclaration-after-statement -Wdeprecated-declarations -Wduplicated-cond -Wimplicit-function-declaration -Wimplicit-int -Wmisleading-indentation -Wpointer-arith -Wrestrict -Wwrite-strings -Wimplicit-fallthrough=0 -Wmissing-noreturn -Wno-cast-function-type -Wno-constant-logical-operand -Wno-long-long -Wno-missing-field-initializers -Wno-overlength-strings -Wno-packed-bitfield-compat -Wno-parentheses-equality -Wno-self-assign -Wno-tautological-compare -Wno-unused-parameter -Wno-unused-value -Wsuggest-attribute=format -Wsuggest-attribute=noreturn -Wunused-variable  -fPIC  conftest.c -o conftest.i"
conftest.c:3:10: fatal error: ffi.h: No such file or directory
 #include <ffi.h>
          ^~~~~~~
compilation terminated.
checked program was:
/* begin */
1: #include "ruby.h"
2: 
3: #include <ffi.h>
/* end */

"gcc -E -I/home/vagrant/.rbenv/versions/2.6.5/include/ruby-2.6.0/x86_64-linux -I/home/vagrant/.rbenv/versions/2.6.5/include/ruby-2.6.0/ruby/backward -I/home/vagrant/.rbenv/versions/2.6.5/include/ruby-2.6.0 -I. -I/home/vagrant/.rbenv/versions/2.6.5/include    -O3 -ggdb3 -Wall -Wextra -Wdeclaration-after-statement -Wdeprecated-declarations -Wduplicated-cond -Wimplicit-function-declaration -Wimplicit-int -Wmisleading-indentation -Wpointer-arith -Wrestrict -Wwrite-strings -Wimplicit-fallthrough=0 -Wmissing-noreturn -Wno-cast-function-type -Wno-constant-logical-operand -Wno-long-long -Wno-missing-field-initializers -Wno-overlength-strings -Wno-packed-bitfield-compat -Wno-parentheses-equality -Wno-self-assign -Wno-tautological-compare -Wno-unused-parameter -Wno-unused-value -Wsuggest-attribute=format -Wsuggest-attribute=noreturn -Wunused-variable  -fPIC -I/usr/local/include conftest.c -o conftest.i"
conftest.c:3:10: fatal error: ffi.h: No such file or directory
 #include <ffi.h>
          ^~~~~~~
compilation terminated.
checked program was:
/* begin */
1: #include "ruby.h"
2: 
3: #include <ffi.h>
/* end */

"gcc -E -I/home/vagrant/.rbenv/versions/2.6.5/include/ruby-2.6.0/x86_64-linux -I/home/vagrant/.rbenv/versions/2.6.5/include/ruby-2.6.0/ruby/backward -I/home/vagrant/.rbenv/versions/2.6.5/include/ruby-2.6.0 -I. -I/home/vagrant/.rbenv/versions/2.6.5/include    -O3 -ggdb3 -Wall -Wextra -Wdeclaration-after-statement -Wdeprecated-declarations -Wduplicated-cond -Wimplicit-function-declaration -Wimplicit-int -Wmisleading-indentation -Wpointer-arith -Wrestrict -Wwrite-strings -Wimplicit-fallthrough=0 -Wmissing-noreturn -Wno-cast-function-type -Wno-constant-logical-operand -Wno-long-long -Wno-missing-field-initializers -Wno-overlength-strings -Wno-packed-bitfield-compat -Wno-parentheses-equality -Wno-self-assign -Wno-tautological-compare -Wno-unused-parameter -Wno-unused-value -Wsuggest-attribute=format -Wsuggest-attribute=noreturn -Wunused-variable  -fPIC -I/usr/include/ffi conftest.c -o conftest.i"
conftest.c:3:10: fatal error: ffi.h: No such file or directory
 #include <ffi.h>
          ^~~~~~~
compilation terminated.
checked program was:
/* begin */
1: #include "ruby.h"
2: 
3: #include <ffi.h>
/* end */

--------------------

have_header: checking for shlwapi.h... -------------------- no

"gcc -E -I/home/vagrant/.rbenv/versions/2.6.5/include/ruby-2.6.0/x86_64-linux -I/home/vagrant/.rbenv/versions/2.6.5/include/ruby-2.6.0/ruby/backward -I/home/vagrant/.rbenv/versions/2.6.5/include/ruby-2.6.0 -I. -I/home/vagrant/.rbenv/versions/2.6.5/include    -O3 -ggdb3 -Wall -Wextra -Wdeclaration-after-statement -Wdeprecated-declarations -Wduplicated-cond -Wimplicit-function-declaration -Wimplicit-int -Wmisleading-indentation -Wpointer-arith -Wrestrict -Wwrite-strings -Wimplicit-fallthrough=0 -Wmissing-noreturn -Wno-cast-function-type -Wno-constant-logical-operand -Wno-long-long -Wno-missing-field-initializers -Wno-overlength-strings -Wno-packed-bitfield-compat -Wno-parentheses-equality -Wno-self-assign -Wno-tautological-compare -Wno-unused-parameter -Wno-unused-value -Wsuggest-attribute=format -Wsuggest-attribute=noreturn -Wunused-variable  -fPIC  conftest.c -o conftest.i"
conftest.c:3:10: fatal error: shlwapi.h: No such file or directory
 #include <shlwapi.h>
          ^~~~~~~~~~~
compilation terminated.
checked program was:
/* begin */
1: #include "ruby.h"
2: 
3: #include <shlwapi.h>
/* end */

--------------------

have_func: checking for rb_thread_call_without_gvl()... -------------------- yes

"gcc -o conftest -I/home/vagrant/.rbenv/versions/2.6.5/include/ruby-2.6.0/x86_64-linux -I/home/vagrant/.rbenv/versions/2.6.5/include/ruby-2.6.0/ruby/backward -I/home/vagrant/.rbenv/versions/2.6.5/include/ruby-2.6.0 -I. -I/home/vagrant/.rbenv/versions/2.6.5/include    -O3 -ggdb3 -Wall -Wextra -Wdeclaration-after-statement -Wdeprecated-declarations -Wduplicated-cond -Wimplicit-function-declaration -Wimplicit-int -Wmisleading-indentation -Wpointer-arith -Wrestrict -Wwrite-strings -Wimplicit-fallthrough=0 -Wmissing-noreturn -Wno-cast-function-type -Wno-constant-logical-operand -Wno-long-long -Wno-missing-field-initializers -Wno-overlength-strings -Wno-packed-bitfield-compat -Wno-parentheses-equality -Wno-self-assign -Wno-tautological-compare -Wno-unused-parameter -Wno-unused-value -Wsuggest-attribute=format -Wsuggest-attribute=noreturn -Wunused-variable  -fPIC conftest.c  -L. -L/home/vagrant/.rbenv/versions/2.6.5/lib -Wl,-rpath,/home/vagrant/.rbenv/versions/2.6.5/lib -L. -L/home/vagrant/.rbenv/versions/2.6.5/lib  -fstack-protector-strong -rdynamic -Wl,-export-dynamic     -Wl,-rpath,/home/vagrant/.rbenv/versions/2.6.5/lib -L/home/vagrant/.rbenv/versions/2.6.5/lib -lruby  -lm   -lc"
conftest.c: In function ‘t’:
conftest.c:14:57: error: ‘rb_thread_call_without_gvl’ undeclared (first use in this function); did you mean ‘rb_thread_wait_for’?
 int t(void) { void ((*volatile p)()); p = (void ((*)()))rb_thread_call_without_gvl; return !p; }
                                                         ^~~~~~~~~~~~~~~~~~~~~~~~~~
                                                         rb_thread_wait_for
conftest.c:14:57: note: each undeclared identifier is reported only once for each function it appears in
conftest.c: At top level:
cc1: warning: unrecognized command line option ‘-Wno-self-assign’
cc1: warning: unrecognized command line option ‘-Wno-parentheses-equality’
cc1: warning: unrecognized command line option ‘-Wno-constant-logical-operand’
cc1: warning: unrecognized command line option ‘-Wno-cast-function-type’
checked program was:
/* begin */
 1: #include "ruby.h"
 2: 
 3: /*top*/
 4: extern int t(void);
 5: int main(int argc, char **argv)
 6: {
 7:   if (argc > 1000000) {
 8:     int (* volatile tp)(void)=(int (*)(void))&t;
 9:     printf("%d", (*tp)());
10:   }
11: 
12:   return 0;
13: }
14: int t(void) { void ((*volatile p)()); p = (void ((*)()))rb_thread_call_without_gvl; return !p; }
/* end */

"gcc -o conftest -I/home/vagrant/.rbenv/versions/2.6.5/include/ruby-2.6.0/x86_64-linux -I/home/vagrant/.rbenv/versions/2.6.5/include/ruby-2.6.0/ruby/backward -I/home/vagrant/.rbenv/versions/2.6.5/include/ruby-2.6.0 -I. -I/home/vagrant/.rbenv/versions/2.6.5/include    -O3 -ggdb3 -Wall -Wextra -Wdeclaration-after-statement -Wdeprecated-declarations -Wduplicated-cond -Wimplicit-function-declaration -Wimplicit-int -Wmisleading-indentation -Wpointer-arith -Wrestrict -Wwrite-strings -Wimplicit-fallthrough=0 -Wmissing-noreturn -Wno-cast-function-type -Wno-constant-logical-operand -Wno-long-long -Wno-missing-field-initializers -Wno-overlength-strings -Wno-packed-bitfield-compat -Wno-parentheses-equality -Wno-self-assign -Wno-tautological-compare -Wno-unused-parameter -Wno-unused-value -Wsuggest-attribute=format -Wsuggest-attribute=noreturn -Wunused-variable  -fPIC conftest.c  -L. -L/home/vagrant/.rbenv/versions/2.6.5/lib -Wl,-rpath,/home/vagrant/.rbenv/versions/2.6.5/lib -L. -L/home/vagrant/.rbenv/versions/2.6.5/lib  -fstack-protector-strong -rdynamic -Wl,-export-dynamic     -Wl,-rpath,/home/vagrant/.rbenv/versions/2.6.5/lib -L/home/vagrant/.rbenv/versions/2.6.5/lib -lruby  -lm   -lc"
checked program was:
/* begin */
 1: #include "ruby.h"
 2: 
 3: /*top*/
 4: extern int t(void);
 5: int main(int argc, char **argv)
 6: {
 7:   if (argc > 1000000) {
 8:     int (* volatile tp)(void)=(int (*)(void))&t;
 9:     printf("%d", (*tp)());
10:   }
11: 
12:   return 0;
13: }
14: extern void rb_thread_call_without_gvl();
15: int t(void) { rb_thread_call_without_gvl(); return 0; }
/* end */

--------------------

have_func: checking for ruby_native_thread_p()... -------------------- yes

"gcc -o conftest -I/home/vagrant/.rbenv/versions/2.6.5/include/ruby-2.6.0/x86_64-linux -I/home/vagrant/.rbenv/versions/2.6.5/include/ruby-2.6.0/ruby/backward -I/home/vagrant/.rbenv/versions/2.6.5/include/ruby-2.6.0 -I. -I/home/vagrant/.rbenv/versions/2.6.5/include    -O3 -ggdb3 -Wall -Wextra -Wdeclaration-after-statement -Wdeprecated-declarations -Wduplicated-cond -Wimplicit-function-declaration -Wimplicit-int -Wmisleading-indentation -Wpointer-arith -Wrestrict -Wwrite-strings -Wimplicit-fallthrough=0 -Wmissing-noreturn -Wno-cast-function-type -Wno-constant-logical-operand -Wno-long-long -Wno-missing-field-initializers -Wno-overlength-strings -Wno-packed-bitfield-compat -Wno-parentheses-equality -Wno-self-assign -Wno-tautological-compare -Wno-unused-parameter -Wno-unused-value -Wsuggest-attribute=format -Wsuggest-attribute=noreturn -Wunused-variable  -fPIC conftest.c  -L. -L/home/vagrant/.rbenv/versions/2.6.5/lib -Wl,-rpath,/home/vagrant/.rbenv/versions/2.6.5/lib -L. -L/home/vagrant/.rbenv/versions/2.6.5/lib  -fstack-protector-strong -rdynamic -Wl,-export-dynamic     -Wl,-rpath,/home/vagrant/.rbenv/versions/2.6.5/lib -L/home/vagrant/.rbenv/versions/2.6.5/lib -lruby  -lm   -lc"
checked program was:
/* begin */
 1: #include "ruby.h"
 2: 
 3: /*top*/
 4: extern int t(void);
 5: int main(int argc, char **argv)
 6: {
 7:   if (argc > 1000000) {
 8:     int (* volatile tp)(void)=(int (*)(void))&t;
 9:     printf("%d", (*tp)());
10:   }
11: 
12:   return 0;
13: }
14: int t(void) { void ((*volatile p)()); p = (void ((*)()))ruby_native_thread_p; return !p; }
/* end */

--------------------

have_func: checking for ruby_thread_has_gvl_p()... -------------------- yes

"gcc -o conftest -I/home/vagrant/.rbenv/versions/2.6.5/include/ruby-2.6.0/x86_64-linux -I/home/vagrant/.rbenv/versions/2.6.5/include/ruby-2.6.0/ruby/backward -I/home/vagrant/.rbenv/versions/2.6.5/include/ruby-2.6.0 -I. -I/home/vagrant/.rbenv/versions/2.6.5/include    -O3 -ggdb3 -Wall -Wextra -Wdeclaration-after-statement -Wdeprecated-declarations -Wduplicated-cond -Wimplicit-function-declaration -Wimplicit-int -Wmisleading-indentation -Wpointer-arith -Wrestrict -Wwrite-strings -Wimplicit-fallthrough=0 -Wmissing-noreturn -Wno-cast-function-type -Wno-constant-logical-operand -Wno-long-long -Wno-missing-field-initializers -Wno-overlength-strings -Wno-packed-bitfield-compat -Wno-parentheses-equality -Wno-self-assign -Wno-tautological-compare -Wno-unused-parameter -Wno-unused-value -Wsuggest-attribute=format -Wsuggest-attribute=noreturn -Wunused-variable  -fPIC conftest.c  -L. -L/home/vagrant/.rbenv/versions/2.6.5/lib -Wl,-rpath,/home/vagrant/.rbenv/versions/2.6.5/lib -L. -L/home/vagrant/.rbenv/versions/2.6.5/lib  -fstack-protector-strong -rdynamic -Wl,-export-dynamic     -Wl,-rpath,/home/vagrant/.rbenv/versions/2.6.5/lib -L/home/vagrant/.rbenv/versions/2.6.5/lib -lruby  -lm   -lc"
conftest.c: In function ‘t’:
conftest.c:14:57: error: ‘ruby_thread_has_gvl_p’ undeclared (first use in this function); did you mean ‘rb_thread_wakeup’?
 int t(void) { void ((*volatile p)()); p = (void ((*)()))ruby_thread_has_gvl_p; return !p; }
                                                         ^~~~~~~~~~~~~~~~~~~~~
                                                         rb_thread_wakeup
conftest.c:14:57: note: each undeclared identifier is reported only once for each function it appears in
conftest.c: At top level:
cc1: warning: unrecognized command line option ‘-Wno-self-assign’
cc1: warning: unrecognized command line option ‘-Wno-parentheses-equality’
cc1: warning: unrecognized command line option ‘-Wno-constant-logical-operand’
cc1: warning: unrecognized command line option ‘-Wno-cast-function-type’
checked program was:
/* begin */
 1: #include "ruby.h"
 2: 
 3: /*top*/
 4: extern int t(void);
 5: int main(int argc, char **argv)
 6: {
 7:   if (argc > 1000000) {
 8:     int (* volatile tp)(void)=(int (*)(void))&t;
 9:     printf("%d", (*tp)());
10:   }
11: 
12:   return 0;
13: }
14: int t(void) { void ((*volatile p)()); p = (void ((*)()))ruby_thread_has_gvl_p; return !p; }
/* end */

"gcc -o conftest -I/home/vagrant/.rbenv/versions/2.6.5/include/ruby-2.6.0/x86_64-linux -I/home/vagrant/.rbenv/versions/2.6.5/include/ruby-2.6.0/ruby/backward -I/home/vagrant/.rbenv/versions/2.6.5/include/ruby-2.6.0 -I. -I/home/vagrant/.rbenv/versions/2.6.5/include    -O3 -ggdb3 -Wall -Wextra -Wdeclaration-after-statement -Wdeprecated-declarations -Wduplicated-cond -Wimplicit-function-declaration -Wimplicit-int -Wmisleading-indentation -Wpointer-arith -Wrestrict -Wwrite-strings -Wimplicit-fallthrough=0 -Wmissing-noreturn -Wno-cast-function-type -Wno-constant-logical-operand -Wno-long-long -Wno-missing-field-initializers -Wno-overlength-strings -Wno-packed-bitfield-compat -Wno-parentheses-equality -Wno-self-assign -Wno-tautological-compare -Wno-unused-parameter -Wno-unused-value -Wsuggest-attribute=format -Wsuggest-attribute=noreturn -Wunused-variable  -fPIC conftest.c  -L. -L/home/vagrant/.rbenv/versions/2.6.5/lib -Wl,-rpath,/home/vagrant/.rbenv/versions/2.6.5/lib -L. -L/home/vagrant/.rbenv/versions/2.6.5/lib  -fstack-protector-strong -rdynamic -Wl,-export-dynamic     -Wl,-rpath,/home/vagrant/.rbenv/versions/2.6.5/lib -L/home/vagrant/.rbenv/versions/2.6.5/lib -lruby  -lm   -lc"
checked program was:
/* begin */
 1: #include "ruby.h"
 2: 
 3: /*top*/
 4: extern int t(void);
 5: int main(int argc, char **argv)
 6: {
 7:   if (argc > 1000000) {
 8:     int (* volatile tp)(void)=(int (*)(void))&t;
 9:     printf("%d", (*tp)());
10:   }
11: 
12:   return 0;
13: }
14: extern void ruby_thread_has_gvl_p();
15: int t(void) { ruby_thread_has_gvl_p(); return 0; }
/* end */

--------------------

extconf.h is:
/* begin */
1: #ifndef EXTCONF_H
2: #define EXTCONF_H
3: #define HAVE_RB_THREAD_CALL_WITHOUT_GVL 1
4: #define HAVE_RUBY_NATIVE_THREAD_P 1
5: #define HAVE_RUBY_THREAD_HAS_GVL_P 1
6: #define HAVE_FFI_PREP_CIF_VAR 1
7: #define USE_INTERNAL_LIBFFI 1
8: #define RUBY_1_9 1
9: #endif
/* end */

